
tim@Tims-MacBook-Pro houseprice-estimation % mvn dependency:purge-local-repository
[INFO] Scanning for projects...
[INFO] 
[INFO] -----------------------< com.example:houseprice >-----------------------
[INFO] Building houseprice 0.0.1-SNAPSHOT
[INFO]   from pom.xml
[INFO] --------------------------------[ jar ]---------------------------------
[INFO] 
[INFO] --- dependency:3.8.1:purge-local-repository (default-cli) @ houseprice ---
[INFO] Deleting 52 transitive dependencies for project houseprice from /Users/tim/.m2/repository with artifact version resolution fuzziness
[WARNING] Unable to purge local repository location immediately: /Users/tim/.m2/repository/org/bytedeco/javacpp/1.5.10
[WARNING] Unable to purge local repository location immediately: /Users/tim/.m2/repository/org/bytedeco/javacpp/1.5.10
[WARNING] Unable to purge local repository location immediately: /Users/tim/.m2/repository/org/bytedeco/javacpp/1.5.10
[WARNING] Unable to purge local repository location immediately: /Users/tim/.m2/repository/org/bytedeco/javacpp/1.5.10
[WARNING] Unable to purge local repository location immediately: /Users/tim/.m2/repository/org/bytedeco/openblas/0.3.26-1.5.10
[WARNING] Unable to purge local repository location immediately: /Users/tim/.m2/repository/org/bytedeco/openblas/0.3.26-1.5.10
[WARNING] Unable to purge local repository location immediately: /Users/tim/.m2/repository/org/bytedeco/openblas/0.3.26-1.5.10
[WARNING] Unable to purge local repository location immediately: /Users/tim/.m2/repository/org/bytedeco/openblas/0.3.26-1.5.10
[WARNING] Unable to purge local repository location immediately: /Users/tim/.m2/repository/org/bytedeco/arpack-ng/3.9.1-1.5.10
[WARNING] Unable to purge local repository location immediately: /Users/tim/.m2/repository/org/bytedeco/arpack-ng/3.9.1-1.5.10
[WARNING] Unable to purge local repository location immediately: /Users/tim/.m2/repository/org/bytedeco/arpack-ng/3.9.1-1.5.10
[INFO] Re-resolving dependencies
Downloading from central: https://repo.maven.apache.org/maven2/org/springframework/boot/spring-boot-starter/3.4.4/spring-boot-starter-3.4.4.pom
Downloaded from central: https://repo.maven.apache.org/maven2/org/springframework/boot/spring-boot-starter/3.4.4/spring-boot-starter-3.4.4.pom (3.0 kB at 9.8 kB/s)
Downloading from central: https://repo.maven.apache.org/maven2/org/springframework/boot/spring-boot-starter/3.4.4/spring-boot-starter-3.4.4.jar
Downloaded from central: https://repo.maven.apache.org/maven2/org/springframework/boot/spring-boot-starter/3.4.4/spring-boot-starter-3.4.4.jar (4.8 kB at 318 kB/s)
Downloading from central: https://repo.maven.apache.org/maven2/org/springframework/boot/spring-boot/3.4.4/spring-boot-3.4.4.pom
Downloaded from central: https://repo.maven.apache.org/maven2/org/springframework/boot/spring-boot/3.4.4/spring-boot-3.4.4.pom (2.2 kB at 157 kB/s)
Downloading from central: https://repo.maven.apache.org/maven2/org/springframework/boot/spring-boot/3.4.4/spring-boot-3.4.4.jar
Downloaded from central: https://repo.maven.apache.org/maven2/org/springframework/boot/spring-boot/3.4.4/spring-boot-3.4.4.jar (1.8 MB at 4.7 MB/s)
Downloading from central: https://repo.maven.apache.org/maven2/org/springframework/spring-context/6.2.5/spring-context-6.2.5.pom
Downloaded from central: https://repo.maven.apache.org/maven2/org/springframework/spring-context/6.2.5/spring-context-6.2.5.pom (2.8 kB at 232 kB/s)
Downloading from central: https://repo.maven.apache.org/maven2/org/springframework/spring-context/6.2.5/spring-context-6.2.5.jar
Downloaded from central: https://repo.maven.apache.org/maven2/org/springframework/spring-context/6.2.5/spring-context-6.2.5.jar (1.4 MB at 5.5 MB/s)
Downloading from central: https://repo.maven.apache.org/maven2/org/springframework/boot/spring-boot-autoconfigure/3.4.4/spring-boot-autoconfigure-3.4.4.pom
Downloaded from central: https://repo.maven.apache.org/maven2/org/springframework/boot/spring-boot-autoconfigure/3.4.4/spring-boot-autoconfigure-3.4.4.pom (2.1 kB at 172 kB/s)
Downloading from central: https://repo.maven.apache.org/maven2/org/springframework/boot/spring-boot-autoconfigure/3.4.4/spring-boot-autoconfigure-3.4.4.jar
Downloaded from central: https://repo.maven.apache.org/maven2/org/springframework/boot/spring-boot-autoconfigure/3.4.4/spring-boot-autoconfigure-3.4.4.jar (2.0 MB at 5.1 MB/s)
Downloading from central: https://repo.maven.apache.org/maven2/org/springframework/boot/spring-boot-starter-logging/3.4.4/spring-boot-starter-logging-3.4.4.pom
Downloaded from central: https://repo.maven.apache.org/maven2/org/springframework/boot/spring-boot-starter-logging/3.4.4/spring-boot-starter-logging-3.4.4.pom (2.5 kB at 189 kB/s)
Downloading from central: https://repo.maven.apache.org/maven2/org/springframework/boot/spring-boot-starter-logging/3.4.4/spring-boot-starter-logging-3.4.4.jar
Downloaded from central: https://repo.maven.apache.org/maven2/org/springframework/boot/spring-boot-starter-logging/3.4.4/spring-boot-starter-logging-3.4.4.jar (4.8 kB at 433 kB/s)
Downloading from central: https://repo.maven.apache.org/maven2/ch/qos/logback/logback-classic/1.5.18/logback-classic-1.5.18.pom
Downloaded from central: https://repo.maven.apache.org/maven2/ch/qos/logback/logback-classic/1.5.18/logback-classic-1.5.18.pom (13 kB at 1.1 MB/s)
Downloading from central: https://repo.maven.apache.org/maven2/ch/qos/logback/logback-classic/1.5.18/logback-classic-1.5.18.jar
Downloaded from central: https://repo.maven.apache.org/maven2/ch/qos/logback/logback-classic/1.5.18/logback-classic-1.5.18.jar (307 kB at 4.6 MB/s)
Downloading from central: https://repo.maven.apache.org/maven2/ch/qos/logback/logback-core/1.5.18/logback-core-1.5.18.pom
Downloaded from central: https://repo.maven.apache.org/maven2/ch/qos/logback/logback-core/1.5.18/logback-core-1.5.18.pom (9.1 kB at 756 kB/s)
Downloading from central: https://repo.maven.apache.org/maven2/ch/qos/logback/logback-core/1.5.18/logback-core-1.5.18.jar
Downloaded from central: https://repo.maven.apache.org/maven2/ch/qos/logback/logback-core/1.5.18/logback-core-1.5.18.jar (627 kB at 4.9 MB/s)
Downloading from central: https://repo.maven.apache.org/maven2/org/apache/logging/log4j/log4j-to-slf4j/2.24.3/log4j-to-slf4j-2.24.3.pom
Downloaded from central: https://repo.maven.apache.org/maven2/org/apache/logging/log4j/log4j-to-slf4j/2.24.3/log4j-to-slf4j-2.24.3.pom (5.0 kB at 458 kB/s)
Downloading from central: https://repo.maven.apache.org/maven2/org/apache/logging/log4j/log4j-to-slf4j/2.24.3/log4j-to-slf4j-2.24.3.jar
Downloaded from central: https://repo.maven.apache.org/maven2/org/apache/logging/log4j/log4j-to-slf4j/2.24.3/log4j-to-slf4j-2.24.3.jar (24 kB at 1.6 MB/s)
Downloading from central: https://repo.maven.apache.org/maven2/org/apache/logging/log4j/log4j-api/2.24.3/log4j-api-2.24.3.pom
Downloaded from central: https://repo.maven.apache.org/maven2/org/apache/logging/log4j/log4j-api/2.24.3/log4j-api-2.24.3.pom (4.4 kB at 401 kB/s)
Downloading from central: https://repo.maven.apache.org/maven2/org/apache/logging/log4j/log4j-api/2.24.3/log4j-api-2.24.3.jar
Downloaded from central: https://repo.maven.apache.org/maven2/org/apache/logging/log4j/log4j-api/2.24.3/log4j-api-2.24.3.jar (349 kB at 4.6 MB/s)
Downloading from central: https://repo.maven.apache.org/maven2/org/slf4j/jul-to-slf4j/2.0.17/jul-to-slf4j-2.0.17.pom
Downloaded from central: https://repo.maven.apache.org/maven2/org/slf4j/jul-to-slf4j/2.0.17/jul-to-slf4j-2.0.17.pom (1.1 kB at 100 kB/s)
Downloading from central: https://repo.maven.apache.org/maven2/org/slf4j/jul-to-slf4j/2.0.17/jul-to-slf4j-2.0.17.jar
Downloaded from central: https://repo.maven.apache.org/maven2/org/slf4j/jul-to-slf4j/2.0.17/jul-to-slf4j-2.0.17.jar (6.3 kB at 529 kB/s)
Downloading from central: https://repo.maven.apache.org/maven2/jakarta/annotation/jakarta.annotation-api/2.1.1/jakarta.annotation-api-2.1.1.pom
Downloaded from central: https://repo.maven.apache.org/maven2/jakarta/annotation/jakarta.annotation-api/2.1.1/jakarta.annotation-api-2.1.1.pom (16 kB at 1.1 MB/s)
Downloading from central: https://repo.maven.apache.org/maven2/jakarta/annotation/jakarta.annotation-api/2.1.1/jakarta.annotation-api-2.1.1.jar
Downloaded from central: https://repo.maven.apache.org/maven2/jakarta/annotation/jakarta.annotation-api/2.1.1/jakarta.annotation-api-2.1.1.jar (26 kB at 1.6 MB/s)
Downloading from central: https://repo.maven.apache.org/maven2/org/springframework/spring-core/6.2.5/spring-core-6.2.5.pom
Downloaded from central: https://repo.maven.apache.org/maven2/org/springframework/spring-core/6.2.5/spring-core-6.2.5.pom (2.0 kB at 145 kB/s)
Downloading from central: https://repo.maven.apache.org/maven2/org/springframework/spring-core/6.2.5/spring-core-6.2.5.jar
Downloaded from central: https://repo.maven.apache.org/maven2/org/springframework/spring-core/6.2.5/spring-core-6.2.5.jar (2.0 MB at 5.5 MB/s)
Downloading from central: https://repo.maven.apache.org/maven2/org/springframework/spring-jcl/6.2.5/spring-jcl-6.2.5.pom
Downloaded from central: https://repo.maven.apache.org/maven2/org/springframework/spring-jcl/6.2.5/spring-jcl-6.2.5.pom (1.8 kB at 154 kB/s)
Downloading from central: https://repo.maven.apache.org/maven2/org/springframework/spring-jcl/6.2.5/spring-jcl-6.2.5.jar
Downloaded from central: https://repo.maven.apache.org/maven2/org/springframework/spring-jcl/6.2.5/spring-jcl-6.2.5.jar (25 kB at 1.6 MB/s)
Downloading from central: https://repo.maven.apache.org/maven2/org/yaml/snakeyaml/2.3/snakeyaml-2.3.pom
Downloaded from central: https://repo.maven.apache.org/maven2/org/yaml/snakeyaml/2.3/snakeyaml-2.3.pom (22 kB at 1.1 MB/s)
Downloading from central: https://repo.maven.apache.org/maven2/org/yaml/snakeyaml/2.3/snakeyaml-2.3.jar
Downloaded from central: https://repo.maven.apache.org/maven2/org/yaml/snakeyaml/2.3/snakeyaml-2.3.jar (342 kB at 4.6 MB/s)
Downloading from central: https://repo.maven.apache.org/maven2/org/springframework/boot/spring-boot-starter-web/3.4.4/spring-boot-starter-web-3.4.4.pom
Downloaded from central: https://repo.maven.apache.org/maven2/org/springframework/boot/spring-boot-starter-web/3.4.4/spring-boot-starter-web-3.4.4.pom (2.9 kB at 225 kB/s)
Downloading from central: https://repo.maven.apache.org/maven2/org/springframework/boot/spring-boot-starter-web/3.4.4/spring-boot-starter-web-3.4.4.jar
Downloaded from central: https://repo.maven.apache.org/maven2/org/springframework/boot/spring-boot-starter-web/3.4.4/spring-boot-starter-web-3.4.4.jar (4.8 kB at 437 kB/s)
Downloading from central: https://repo.maven.apache.org/maven2/org/springframework/boot/spring-boot-starter-json/3.4.4/spring-boot-starter-json-3.4.4.pom
Downloaded from central: https://repo.maven.apache.org/maven2/org/springframework/boot/spring-boot-starter-json/3.4.4/spring-boot-starter-json-3.4.4.pom (3.1 kB at 280 kB/s)
Downloading from central: https://repo.maven.apache.org/maven2/org/springframework/boot/spring-boot-starter-json/3.4.4/spring-boot-starter-json-3.4.4.jar
Downloaded from central: https://repo.maven.apache.org/maven2/org/springframework/boot/spring-boot-starter-json/3.4.4/spring-boot-starter-json-3.4.4.jar (4.7 kB at 250 kB/s)
Downloading from central: https://repo.maven.apache.org/maven2/com/fasterxml/jackson/core/jackson-databind/2.18.3/jackson-databind-2.18.3.pom
Downloaded from central: https://repo.maven.apache.org/maven2/com/fasterxml/jackson/core/jackson-databind/2.18.3/jackson-databind-2.18.3.pom (21 kB at 1.2 MB/s)
Downloading from central: https://repo.maven.apache.org/maven2/com/fasterxml/jackson/core/jackson-databind/2.18.3/jackson-databind-2.18.3.jar
Downloaded from central: https://repo.maven.apache.org/maven2/com/fasterxml/jackson/core/jackson-databind/2.18.3/jackson-databind-2.18.3.jar (1.7 MB at 5.3 MB/s)
Downloading from central: https://repo.maven.apache.org/maven2/com/fasterxml/jackson/core/jackson-annotations/2.18.3/jackson-annotations-2.18.3.pom
Downloaded from central: https://repo.maven.apache.org/maven2/com/fasterxml/jackson/core/jackson-annotations/2.18.3/jackson-annotations-2.18.3.pom (7.1 kB at 507 kB/s)
Downloading from central: https://repo.maven.apache.org/maven2/com/fasterxml/jackson/core/jackson-annotations/2.18.3/jackson-annotations-2.18.3.jar
Downloaded from central: https://repo.maven.apache.org/maven2/com/fasterxml/jackson/core/jackson-annotations/2.18.3/jackson-annotations-2.18.3.jar (79 kB at 3.3 MB/s)
Downloading from central: https://repo.maven.apache.org/maven2/com/fasterxml/jackson/core/jackson-core/2.18.3/jackson-core-2.18.3.pom
Downloaded from central: https://repo.maven.apache.org/maven2/com/fasterxml/jackson/core/jackson-core/2.18.3/jackson-core-2.18.3.pom (10 kB at 834 kB/s)
Downloading from central: https://repo.maven.apache.org/maven2/com/fasterxml/jackson/core/jackson-core/2.18.3/jackson-core-2.18.3.jar
Downloaded from central: https://repo.maven.apache.org/maven2/com/fasterxml/jackson/core/jackson-core/2.18.3/jackson-core-2.18.3.jar (598 kB at 5.1 MB/s)
Downloading from central: https://repo.maven.apache.org/maven2/com/fasterxml/jackson/datatype/jackson-datatype-jdk8/2.18.3/jackson-datatype-jdk8-2.18.3.pom
Downloaded from central: https://repo.maven.apache.org/maven2/com/fasterxml/jackson/datatype/jackson-datatype-jdk8/2.18.3/jackson-datatype-jdk8-2.18.3.pom (2.6 kB at 235 kB/s)
Downloading from central: https://repo.maven.apache.org/maven2/com/fasterxml/jackson/datatype/jackson-datatype-jdk8/2.18.3/jackson-datatype-jdk8-2.18.3.jar
Downloaded from central: https://repo.maven.apache.org/maven2/com/fasterxml/jackson/datatype/jackson-datatype-jdk8/2.18.3/jackson-datatype-jdk8-2.18.3.jar (36 kB at 2.3 MB/s)
Downloading from central: https://repo.maven.apache.org/maven2/com/fasterxml/jackson/datatype/jackson-datatype-jsr310/2.18.3/jackson-datatype-jsr310-2.18.3.pom
Downloaded from central: https://repo.maven.apache.org/maven2/com/fasterxml/jackson/datatype/jackson-datatype-jsr310/2.18.3/jackson-datatype-jsr310-2.18.3.pom (4.9 kB at 491 kB/s)
Downloading from central: https://repo.maven.apache.org/maven2/com/fasterxml/jackson/datatype/jackson-datatype-jsr310/2.18.3/jackson-datatype-jsr310-2.18.3.jar
Downloaded from central: https://repo.maven.apache.org/maven2/com/fasterxml/jackson/datatype/jackson-datatype-jsr310/2.18.3/jackson-datatype-jsr310-2.18.3.jar (133 kB at 3.8 MB/s)
Downloading from central: https://repo.maven.apache.org/maven2/com/fasterxml/jackson/module/jackson-module-parameter-names/2.18.3/jackson-module-parameter-names-2.18.3.pom
Downloaded from central: https://repo.maven.apache.org/maven2/com/fasterxml/jackson/module/jackson-module-parameter-names/2.18.3/jackson-module-parameter-names-2.18.3.pom (4.2 kB at 353 kB/s)
Downloading from central: https://repo.maven.apache.org/maven2/com/fasterxml/jackson/module/jackson-module-parameter-names/2.18.3/jackson-module-parameter-names-2.18.3.jar
Downloaded from central: https://repo.maven.apache.org/maven2/com/fasterxml/jackson/module/jackson-module-parameter-names/2.18.3/jackson-module-parameter-names-2.18.3.jar (10 kB at 738 kB/s)
Downloading from central: https://repo.maven.apache.org/maven2/org/springframework/boot/spring-boot-starter-tomcat/3.4.4/spring-boot-starter-tomcat-3.4.4.pom
Downloaded from central: https://repo.maven.apache.org/maven2/org/springframework/boot/spring-boot-starter-tomcat/3.4.4/spring-boot-starter-tomcat-3.4.4.pom (3.1 kB at 240 kB/s)
Downloading from central: https://repo.maven.apache.org/maven2/org/springframework/boot/spring-boot-starter-tomcat/3.4.4/spring-boot-starter-tomcat-3.4.4.jar
Downloaded from central: https://repo.maven.apache.org/maven2/org/springframework/boot/spring-boot-starter-tomcat/3.4.4/spring-boot-starter-tomcat-3.4.4.jar (4.8 kB at 400 kB/s)
Downloading from central: https://repo.maven.apache.org/maven2/org/apache/tomcat/embed/tomcat-embed-core/10.1.39/tomcat-embed-core-10.1.39.pom
Downloaded from central: https://repo.maven.apache.org/maven2/org/apache/tomcat/embed/tomcat-embed-core/10.1.39/tomcat-embed-core-10.1.39.pom (1.7 kB at 174 kB/s)
Downloading from central: https://repo.maven.apache.org/maven2/org/apache/tomcat/embed/tomcat-embed-core/10.1.39/tomcat-embed-core-10.1.39.jar
Downloaded from central: https://repo.maven.apache.org/maven2/org/apache/tomcat/embed/tomcat-embed-core/10.1.39/tomcat-embed-core-10.1.39.jar (3.6 MB at 5.5 MB/s)
Downloading from central: https://repo.maven.apache.org/maven2/org/apache/tomcat/embed/tomcat-embed-el/10.1.39/tomcat-embed-el-10.1.39.pom
Downloaded from central: https://repo.maven.apache.org/maven2/org/apache/tomcat/embed/tomcat-embed-el/10.1.39/tomcat-embed-el-10.1.39.pom (1.5 kB at 126 kB/s)
Downloading from central: https://repo.maven.apache.org/maven2/org/apache/tomcat/embed/tomcat-embed-el/10.1.39/tomcat-embed-el-10.1.39.jar
Downloaded from central: https://repo.maven.apache.org/maven2/org/apache/tomcat/embed/tomcat-embed-el/10.1.39/tomcat-embed-el-10.1.39.jar (266 kB at 4.7 MB/s)
Downloading from central: https://repo.maven.apache.org/maven2/org/apache/tomcat/embed/tomcat-embed-websocket/10.1.39/tomcat-embed-websocket-10.1.39.pom
Downloaded from central: https://repo.maven.apache.org/maven2/org/apache/tomcat/embed/tomcat-embed-websocket/10.1.39/tomcat-embed-websocket-10.1.39.pom (1.7 kB at 158 kB/s)
Downloading from central: https://repo.maven.apache.org/maven2/org/apache/tomcat/embed/tomcat-embed-websocket/10.1.39/tomcat-embed-websocket-10.1.39.jar
Downloaded from central: https://repo.maven.apache.org/maven2/org/apache/tomcat/embed/tomcat-embed-websocket/10.1.39/tomcat-embed-websocket-10.1.39.jar (282 kB at 4.6 MB/s)
Downloading from central: https://repo.maven.apache.org/maven2/org/springframework/spring-web/6.2.5/spring-web-6.2.5.pom
Downloaded from central: https://repo.maven.apache.org/maven2/org/springframework/spring-web/6.2.5/spring-web-6.2.5.pom (2.4 kB at 184 kB/s)
Downloading from central: https://repo.maven.apache.org/maven2/org/springframework/spring-web/6.2.5/spring-web-6.2.5.jar
Downloaded from central: https://repo.maven.apache.org/maven2/org/springframework/spring-web/6.2.5/spring-web-6.2.5.jar (2.1 MB at 5.5 MB/s)
Downloading from central: https://repo.maven.apache.org/maven2/org/springframework/spring-beans/6.2.5/spring-beans-6.2.5.pom
Downloaded from central: https://repo.maven.apache.org/maven2/org/springframework/spring-beans/6.2.5/spring-beans-6.2.5.pom (2.0 kB at 169 kB/s)
Downloading from central: https://repo.maven.apache.org/maven2/org/springframework/spring-beans/6.2.5/spring-beans-6.2.5.jar
Downloaded from central: https://repo.maven.apache.org/maven2/org/springframework/spring-beans/6.2.5/spring-beans-6.2.5.jar (884 kB at 5.1 MB/s)
Downloading from central: https://repo.maven.apache.org/maven2/io/micrometer/micrometer-observation/1.14.5/micrometer-observation-1.14.5.pom
Downloaded from central: https://repo.maven.apache.org/maven2/io/micrometer/micrometer-observation/1.14.5/micrometer-observation-1.14.5.pom (3.8 kB at 274 kB/s)
Downloading from central: https://repo.maven.apache.org/maven2/io/micrometer/micrometer-observation/1.14.5/micrometer-observation-1.14.5.jar
Downloaded from central: https://repo.maven.apache.org/maven2/io/micrometer/micrometer-observation/1.14.5/micrometer-observation-1.14.5.jar (75 kB at 3.1 MB/s)
Downloading from central: https://repo.maven.apache.org/maven2/io/micrometer/micrometer-commons/1.14.5/micrometer-commons-1.14.5.pom
Downloaded from central: https://repo.maven.apache.org/maven2/io/micrometer/micrometer-commons/1.14.5/micrometer-commons-1.14.5.pom (3.4 kB at 284 kB/s)
Downloading from central: https://repo.maven.apache.org/maven2/io/micrometer/micrometer-commons/1.14.5/micrometer-commons-1.14.5.jar
Downloaded from central: https://repo.maven.apache.org/maven2/io/micrometer/micrometer-commons/1.14.5/micrometer-commons-1.14.5.jar (48 kB at 2.5 MB/s)
Downloading from central: https://repo.maven.apache.org/maven2/org/springframework/spring-webmvc/6.2.5/spring-webmvc-6.2.5.pom
Downloaded from central: https://repo.maven.apache.org/maven2/org/springframework/spring-webmvc/6.2.5/spring-webmvc-6.2.5.pom (3.0 kB at 296 kB/s)
Downloading from central: https://repo.maven.apache.org/maven2/org/springframework/spring-webmvc/6.2.5/spring-webmvc-6.2.5.jar
Downloaded from central: https://repo.maven.apache.org/maven2/org/springframework/spring-webmvc/6.2.5/spring-webmvc-6.2.5.jar (1.1 MB at 5.5 MB/s)
Downloading from central: https://repo.maven.apache.org/maven2/org/springframework/spring-aop/6.2.5/spring-aop-6.2.5.pom
Downloaded from central: https://repo.maven.apache.org/maven2/org/springframework/spring-aop/6.2.5/spring-aop-6.2.5.pom (2.2 kB at 221 kB/s)
Downloading from central: https://repo.maven.apache.org/maven2/org/springframework/spring-aop/6.2.5/spring-aop-6.2.5.jar
Downloaded from central: https://repo.maven.apache.org/maven2/org/springframework/spring-aop/6.2.5/spring-aop-6.2.5.jar (420 kB at 5.0 MB/s)
Downloading from central: https://repo.maven.apache.org/maven2/org/springframework/spring-expression/6.2.5/spring-expression-6.2.5.pom
Downloaded from central: https://repo.maven.apache.org/maven2/org/springframework/spring-expression/6.2.5/spring-expression-6.2.5.pom (2.1 kB at 189 kB/s)
Downloading from central: https://repo.maven.apache.org/maven2/org/springframework/spring-expression/6.2.5/spring-expression-6.2.5.jar
Downloaded from central: https://repo.maven.apache.org/maven2/org/springframework/spring-expression/6.2.5/spring-expression-6.2.5.jar (318 kB at 4.7 MB/s)
Downloading from central: https://repo.maven.apache.org/maven2/com/github/haifengl/smile-core/3.1.1/smile-core-3.1.1.pom
Downloaded from central: https://repo.maven.apache.org/maven2/com/github/haifengl/smile-core/3.1.1/smile-core-3.1.1.pom (2.5 kB at 175 kB/s)
Downloading from central: https://repo.maven.apache.org/maven2/com/github/haifengl/smile-core/3.1.1/smile-core-3.1.1.jar
Downloaded from central: https://repo.maven.apache.org/maven2/com/github/haifengl/smile-core/3.1.1/smile-core-3.1.1.jar (650 kB at 5.0 MB/s)
Downloading from central: https://repo.maven.apache.org/maven2/com/github/haifengl/smile-base/3.1.1/smile-base-3.1.1.pom
Downloaded from central: https://repo.maven.apache.org/maven2/com/github/haifengl/smile-base/3.1.1/smile-base-3.1.1.pom (7.5 kB at 92 kB/s)
Downloading from central: https://repo.maven.apache.org/maven2/com/github/haifengl/smile-base/3.1.1/smile-base-3.1.1.jar
Downloaded from central: https://repo.maven.apache.org/maven2/com/github/haifengl/smile-base/3.1.1/smile-base-3.1.1.jar (956 kB at 5.2 MB/s)
Downloading from central: https://repo.maven.apache.org/maven2/org/bytedeco/javacpp/1.5.10/javacpp-1.5.10.pom
Downloaded from central: https://repo.maven.apache.org/maven2/org/bytedeco/javacpp/1.5.10/javacpp-1.5.10.pom (24 kB at 1.5 MB/s)
Downloading from central: https://repo.maven.apache.org/maven2/org/bytedeco/javacpp/1.5.10/javacpp-1.5.10-linux-x86_64.jar
Downloaded from central: https://repo.maven.apache.org/maven2/org/bytedeco/javacpp/1.5.10/javacpp-1.5.10-linux-x86_64.jar (26 kB at 1.5 MB/s)
Downloading from central: https://repo.maven.apache.org/maven2/org/bytedeco/javacpp/1.5.10/javacpp-1.5.10-windows-x86_64.jar
Downloaded from central: https://repo.maven.apache.org/maven2/org/bytedeco/javacpp/1.5.10/javacpp-1.5.10-windows-x86_64.jar (1.4 MB at 5.5 MB/s)
Downloading from central: https://repo.maven.apache.org/maven2/org/bytedeco/javacpp/1.5.10/javacpp-1.5.10-macosx-x86_64.jar
Downloaded from central: https://repo.maven.apache.org/maven2/org/bytedeco/javacpp/1.5.10/javacpp-1.5.10-macosx-x86_64.jar (22 kB at 1.3 MB/s)
Downloading from central: https://repo.maven.apache.org/maven2/org/bytedeco/javacpp/1.5.10/javacpp-1.5.10-macosx-arm64.jar
Downloaded from central: https://repo.maven.apache.org/maven2/org/bytedeco/javacpp/1.5.10/javacpp-1.5.10-macosx-arm64.jar (22 kB at 1.4 MB/s)
Downloading from central: https://repo.maven.apache.org/maven2/org/bytedeco/openblas/0.3.26-1.5.10/openblas-0.3.26-1.5.10.pom
Downloaded from central: https://repo.maven.apache.org/maven2/org/bytedeco/openblas/0.3.26-1.5.10/openblas-0.3.26-1.5.10.pom (3.7 kB at 337 kB/s)
Downloading from central: https://repo.maven.apache.org/maven2/org/bytedeco/openblas/0.3.26-1.5.10/openblas-0.3.26-1.5.10-linux-x86_64.jar
Downloaded from central: https://repo.maven.apache.org/maven2/org/bytedeco/openblas/0.3.26-1.5.10/openblas-0.3.26-1.5.10-linux-x86_64.jar (15 MB at 5.7 MB/s)
Downloading from central: https://repo.maven.apache.org/maven2/org/bytedeco/javacpp/1.5.10/javacpp-1.5.10.jar
Downloaded from central: https://repo.maven.apache.org/maven2/org/bytedeco/javacpp/1.5.10/javacpp-1.5.10.jar (507 kB at 4.7 MB/s)
Downloading from central: https://repo.maven.apache.org/maven2/org/bytedeco/openblas/0.3.26-1.5.10/openblas-0.3.26-1.5.10-windows-x86_64.jar
Downloaded from central: https://repo.maven.apache.org/maven2/org/bytedeco/openblas/0.3.26-1.5.10/openblas-0.3.26-1.5.10-windows-x86_64.jar (29 MB at 5.4 MB/s)
Downloading from central: https://repo.maven.apache.org/maven2/org/bytedeco/openblas/0.3.26-1.5.10/openblas-0.3.26-1.5.10-macosx-x86_64.jar
Downloaded from central: https://repo.maven.apache.org/maven2/org/bytedeco/openblas/0.3.26-1.5.10/openblas-0.3.26-1.5.10-macosx-x86_64.jar (15 MB at 5.6 MB/s)
Downloading from central: https://repo.maven.apache.org/maven2/org/bytedeco/openblas/0.3.26-1.5.10/openblas-0.3.26-1.5.10-macosx-arm64.jar
Downloaded from central: https://repo.maven.apache.org/maven2/org/bytedeco/openblas/0.3.26-1.5.10/openblas-0.3.26-1.5.10-macosx-arm64.jar (7.7 MB at 5.7 MB/s)
Downloading from central: https://repo.maven.apache.org/maven2/org/bytedeco/arpack-ng/3.9.1-1.5.10/arpack-ng-3.9.1-1.5.10.pom
Downloaded from central: https://repo.maven.apache.org/maven2/org/bytedeco/arpack-ng/3.9.1-1.5.10/arpack-ng-3.9.1-1.5.10.pom (6.6 kB at 550 kB/s)
Downloading from central: https://repo.maven.apache.org/maven2/org/bytedeco/arpack-ng/3.9.1-1.5.10/arpack-ng-3.9.1-1.5.10.jar
Downloaded from central: https://repo.maven.apache.org/maven2/org/bytedeco/arpack-ng/3.9.1-1.5.10/arpack-ng-3.9.1-1.5.10.jar (7.9 kB at 109 kB/s)
Downloading from central: https://repo.maven.apache.org/maven2/org/bytedeco/openblas/0.3.26-1.5.10/openblas-0.3.26-1.5.10.jar
Downloaded from central: https://repo.maven.apache.org/maven2/org/bytedeco/openblas/0.3.26-1.5.10/openblas-0.3.26-1.5.10.jar (172 kB at 4.0 MB/s)
Downloading from central: https://repo.maven.apache.org/maven2/org/bytedeco/arpack-ng/3.9.1-1.5.10/arpack-ng-3.9.1-1.5.10-linux-x86_64.jar
Downloaded from central: https://repo.maven.apache.org/maven2/org/bytedeco/arpack-ng/3.9.1-1.5.10/arpack-ng-3.9.1-1.5.10-linux-x86_64.jar (199 kB at 3.9 MB/s)
Downloading from central: https://repo.maven.apache.org/maven2/org/bytedeco/arpack-ng/3.9.1-1.5.10/arpack-ng-3.9.1-1.5.10-windows-x86_64.jar
Downloaded from central: https://repo.maven.apache.org/maven2/org/bytedeco/arpack-ng/3.9.1-1.5.10/arpack-ng-3.9.1-1.5.10-windows-x86_64.jar (1.5 MB at 4.0 MB/s)
Downloading from central: https://repo.maven.apache.org/maven2/org/bytedeco/arpack-ng/3.9.1-1.5.10/arpack-ng-3.9.1-1.5.10-macosx-x86_64.jar
Downloaded from central: https://repo.maven.apache.org/maven2/org/bytedeco/arpack-ng/3.9.1-1.5.10/arpack-ng-3.9.1-1.5.10-macosx-x86_64.jar (192 kB at 3.8 MB/s)
Downloading from central: https://repo.maven.apache.org/maven2/com/epam/parso/2.0.14/parso-2.0.14.pom
Downloaded from central: https://repo.maven.apache.org/maven2/com/epam/parso/2.0.14/parso-2.0.14.pom (9.2 kB at 767 kB/s)
Downloading from central: https://repo.maven.apache.org/maven2/com/epam/parso/2.0.14/parso-2.0.14.jar
Downloaded from central: https://repo.maven.apache.org/maven2/com/epam/parso/2.0.14/parso-2.0.14.jar (139 kB at 4.1 MB/s)
Downloading from central: https://repo.maven.apache.org/maven2/org/apache/commons/commons-csv/1.10.0/commons-csv-1.10.0.pom
Downloaded from central: https://repo.maven.apache.org/maven2/org/apache/commons/commons-csv/1.10.0/commons-csv-1.10.0.pom (20 kB at 1.2 MB/s)
Downloading from central: https://repo.maven.apache.org/maven2/org/apache/commons/commons-csv/1.10.0/commons-csv-1.10.0.jar
Downloaded from central: https://repo.maven.apache.org/maven2/org/apache/commons/commons-csv/1.10.0/commons-csv-1.10.0.jar (55 kB at 1.9 MB/s)
Downloading from central: https://repo.maven.apache.org/maven2/org/slf4j/slf4j-api/2.0.17/slf4j-api-2.0.17.pom
Downloaded from central: https://repo.maven.apache.org/maven2/org/slf4j/slf4j-api/2.0.17/slf4j-api-2.0.17.pom (2.8 kB at 314 kB/s)
Downloading from central: https://repo.maven.apache.org/maven2/org/slf4j/slf4j-api/2.0.17/slf4j-api-2.0.17.jar
Downloaded from central: https://repo.maven.apache.org/maven2/org/slf4j/slf4j-api/2.0.17/slf4j-api-2.0.17.jar (70 kB at 3.3 MB/s)
[INFO] ------------------------------------------------------------------------
[INFO] BUILD SUCCESS
[INFO] ------------------------------------------------------------------------
[INFO] Total time:  21.144 s
[INFO] Finished at: 2025-04-28T12:48:22-07:00
[INFO] ------------------------------------------------------------------------

tim@Tims-MacBook-Pro houseprice-estimation % mvn clean compile
[INFO] Scanning for projects...
[INFO] 
[INFO] -----------------------< com.example:houseprice >-----------------------
[INFO] Building houseprice 0.0.1-SNAPSHOT
[INFO]   from pom.xml
[INFO] --------------------------------[ jar ]---------------------------------
[INFO] 
[INFO] --- clean:3.4.1:clean (default-clean) @ houseprice ---
[INFO] 
[INFO] --- resources:3.3.1:resources (default-resources) @ houseprice ---
[INFO] Copying 1 resource from src/main/resources to target/classes
[INFO] Copying 0 resource from src/main/resources to target/classes
[INFO] 
[INFO] --- compiler:3.13.0:compile (default-compile) @ houseprice ---
[INFO] Recompiling the module because of changed source code.
[INFO] Compiling 3 source files with javac [debug parameters release 17] to target/classes
[INFO] ------------------------------------------------------------------------
[INFO] BUILD SUCCESS
[INFO] ------------------------------------------------------------------------
[INFO] Total time:  1.958 s
[INFO] Finished at: 2025-04-28T12:48:31-07:00
[INFO] ------------------------------------------------------------------------

tim@Tims-MacBook-Pro houseprice-estimation % mvn clean test   
[INFO] Scanning for projects...
[INFO] 
[INFO] -----------------------< com.example:houseprice >-----------------------
[INFO] Building houseprice 0.0.1-SNAPSHOT
[INFO]   from pom.xml
[INFO] --------------------------------[ jar ]---------------------------------
[INFO] 
[INFO] --- clean:3.4.1:clean (default-clean) @ houseprice ---
[INFO] Deleting /Users/tim/Documents/workspace/java/apps/houseprice-estimation/target
[INFO] 
[INFO] --- resources:3.3.1:resources (default-resources) @ houseprice ---
[INFO] Copying 1 resource from src/main/resources to target/classes
[INFO] Copying 0 resource from src/main/resources to target/classes
[INFO] 
[INFO] --- compiler:3.13.0:compile (default-compile) @ houseprice ---
[INFO] Recompiling the module because of changed source code.
[INFO] Compiling 3 source files with javac [debug parameters release 17] to target/classes
[INFO] 
[INFO] --- resources:3.3.1:testResources (default-testResources) @ houseprice ---
[INFO] skip non existing resourceDirectory /Users/tim/Documents/workspace/java/apps/houseprice-estimation/src/test/resources
[INFO] 
[INFO] --- compiler:3.13.0:testCompile (default-testCompile) @ houseprice ---
[INFO] Recompiling the module because of changed dependency.
[INFO] Compiling 3 source files with javac [debug parameters release 17] to target/test-classes
[INFO] 
[INFO] --- surefire:3.5.2:test (default-test) @ houseprice ---
[INFO] Using auto detected provider org.apache.maven.surefire.junitplatform.JUnitPlatformProvider
[INFO] 
[INFO] -------------------------------------------------------
[INFO]  T E S T S
[INFO] -------------------------------------------------------
[INFO] Running com.example.houseprice.HousepriceApplicationTests
12:48:45.427 [main] INFO org.springframework.test.context.support.AnnotationConfigContextLoaderUtils -- Could not detect default configuration classes for test class [com.example.houseprice.HousepriceApplicationTests]: HousepriceApplicationTests does not declare any static, non-private, non-final, nested classes annotated with @Configuration.
12:48:45.554 [main] INFO org.springframework.boot.test.context.SpringBootTestContextBootstrapper -- Found @SpringBootConfiguration com.example.houseprice.HousepriceApplication for test class com.example.houseprice.HousepriceApplicationTests

  .   ____          _            __ _ _
 /\\ / ___'_ __ _ _(_)_ __  __ _ \ \ \ \
( ( )\___ | '_ | '_| | '_ \/ _` | \ \ \ \
 \\/  ___)| |_)| | | | | || (_| |  ) ) ) )
  '  |____| .__|_| |_|_| |_\__, | / / / /
 =========|_|==============|___/=/_/_/_/

 :: Spring Boot ::                (v3.4.4)

2025-04-28T12:48:46.017-07:00  INFO 17242 --- [houseprice] [           main] c.e.h.HousepriceApplicationTests         : Starting HousepriceApplicationTests using Java 17.0.15 with PID 17242 (started by tim in /Users/tim/Documents/workspace/java/apps/houseprice-estimation)
2025-04-28T12:48:46.018-07:00  INFO 17242 --- [houseprice] [           main] c.e.h.HousepriceApplicationTests         : No active profile set, falling back to 1 default profile: "default"
2025-04-28T12:48:47.241-07:00  INFO 17242 --- [houseprice] [           main] c.e.h.service.PricePredictionService     : RMSE: 14445.524238521559
2025-04-28T12:48:47.658-07:00  INFO 17242 --- [houseprice] [           main] c.e.h.HousepriceApplicationTests         : Started HousepriceApplicationTests in 1.93 seconds (process running for 2.951)
OpenJDK 64-Bit Server VM warning: Sharing is only supported for boot loader classes because bootstrap classpath has been appended
[INFO] Tests run: 1, Failures: 0, Errors: 0, Skipped: 0, Time elapsed: 3.263 s -- in com.example.houseprice.HousepriceApplicationTests
[INFO] Running com.example.houseprice.controller.PricePredictionControllerTest
2025-04-28T12:48:48.508-07:00  INFO 17242 --- [houseprice] [           main] t.c.s.AnnotationConfigContextLoaderUtils : Could not detect default configuration classes for test class [com.example.houseprice.controller.PricePredictionControllerTest]: PricePredictionControllerTest does not declare any static, non-private, non-final, nested classes annotated with @Configuration.
2025-04-28T12:48:48.525-07:00  INFO 17242 --- [houseprice] [           main] .b.t.c.SpringBootTestContextBootstrapper : Found @SpringBootConfiguration com.example.houseprice.HousepriceApplication for test class com.example.houseprice.controller.PricePredictionControllerTest

  .   ____          _            __ _ _
 /\\ / ___'_ __ _ _(_)_ __  __ _ \ \ \ \
( ( )\___ | '_ | '_| | '_ \/ _` | \ \ \ \
 \\/  ___)| |_)| | | | | || (_| |  ) ) ) )
  '  |____| .__|_| |_|_| |_\__, | / / / /
 =========|_|==============|___/=/_/_/_/

 :: Spring Boot ::                (v3.4.4)

2025-04-28T12:48:48.552-07:00  INFO 17242 --- [houseprice] [           main] c.e.h.c.PricePredictionControllerTest    : Starting PricePredictionControllerTest using Java 17.0.15 with PID 17242 (started by tim in /Users/tim/Documents/workspace/java/apps/houseprice-estimation)
2025-04-28T12:48:48.552-07:00  INFO 17242 --- [houseprice] [           main] c.e.h.c.PricePredictionControllerTest    : No active profile set, falling back to 1 default profile: "default"
2025-04-28T12:48:48.691-07:00  INFO 17242 --- [houseprice] [           main] c.e.h.service.PricePredictionService     : RMSE: 10416.148020248533
2025-04-28T12:48:48.803-07:00  INFO 17242 --- [houseprice] [           main] o.s.b.t.m.w.SpringBootMockServletContext : Initializing Spring TestDispatcherServlet ''
2025-04-28T12:48:48.804-07:00  INFO 17242 --- [houseprice] [           main] o.s.t.web.servlet.TestDispatcherServlet  : Initializing Servlet ''
2025-04-28T12:48:48.806-07:00  INFO 17242 --- [houseprice] [           main] o.s.t.web.servlet.TestDispatcherServlet  : Completed initialization in 0 ms
2025-04-28T12:48:48.819-07:00  INFO 17242 --- [houseprice] [           main] c.e.h.c.PricePredictionControllerTest    : Started PricePredictionControllerTest in 0.29 seconds (process running for 4.112)
2025-04-28T12:48:48.824-07:00  INFO 17242 --- [houseprice] [           main] c.e.h.service.PricePredictionService     : Predicting for size=1800.75, bedrooms=3
2025-04-28T12:48:48.825-07:00  INFO 17242 --- [houseprice] [           main] c.e.h.service.PricePredictionService     : Prediction: 273977.51335867355
2025-04-28T12:48:48.896-07:00  INFO 17242 --- [houseprice] [           main] c.e.h.service.PricePredictionService     : Predicting for size=1800.75, bedrooms=3
2025-04-28T12:48:48.897-07:00  INFO 17242 --- [houseprice] [           main] c.e.h.service.PricePredictionService     : Prediction: 273977.51335867355
2025-04-28T12:48:48.999-07:00  INFO 17242 --- [houseprice] [           main] c.e.h.service.PricePredictionService     : Predicting for size=-100.0, bedrooms=3
2025-04-28T12:48:48.999-07:00 ERROR 17242 --- [houseprice] [           main] c.e.h.service.PricePredictionService     : Invalid input: size=-100.0, bedrooms=3
2025-04-28T12:48:49.014-07:00  INFO 17242 --- [houseprice] [           main] c.e.h.service.PricePredictionService     : Predicting for size=3000.0, bedrooms=-2
2025-04-28T12:48:49.014-07:00 ERROR 17242 --- [houseprice] [           main] c.e.h.service.PricePredictionService     : Invalid input: size=3000.0, bedrooms=-2
[INFO] Tests run: 4, Failures: 0, Errors: 0, Skipped: 0, Time elapsed: 0.511 s -- in com.example.houseprice.controller.PricePredictionControllerTest
[INFO] Running com.example.houseprice.service.PricePredictionServiceTest
2025-04-28T12:48:49.021-07:00  INFO 17242 --- [houseprice] [           main] t.c.s.AnnotationConfigContextLoaderUtils : Could not detect default configuration classes for test class [com.example.houseprice.service.PricePredictionServiceTest]: PricePredictionServiceTest does not declare any static, non-private, non-final, nested classes annotated with @Configuration.
2025-04-28T12:48:49.030-07:00  INFO 17242 --- [houseprice] [           main] .b.t.c.SpringBootTestContextBootstrapper : Found @SpringBootConfiguration com.example.houseprice.HousepriceApplication for test class com.example.houseprice.service.PricePredictionServiceTest
2025-04-28T12:48:49.037-07:00  INFO 17242 --- [houseprice] [           main] c.e.h.service.PricePredictionService     : Predicting for size=1800.75, bedrooms=3
2025-04-28T12:48:49.038-07:00  INFO 17242 --- [houseprice] [           main] c.e.h.service.PricePredictionService     : Prediction: 273977.51335867355
Predicted price: 273977.51335867355
RMSE: 14445.52
2025-04-28T12:48:49.056-07:00  INFO 17242 --- [houseprice] [           main] c.e.h.service.PricePredictionService     : Predicting for size=-100.0, bedrooms=3
2025-04-28T12:48:49.056-07:00 ERROR 17242 --- [houseprice] [           main] c.e.h.service.PricePredictionService     : Invalid input: size=-100.0, bedrooms=3
[INFO] Tests run: 3, Failures: 0, Errors: 0, Skipped: 0, Time elapsed: 0.040 s -- in com.example.houseprice.service.PricePredictionServiceTest
[INFO] 
[INFO] Results:
[INFO] 
[INFO] Tests run: 8, Failures: 0, Errors: 0, Skipped: 0
[INFO] 
[INFO] ------------------------------------------------------------------------
[INFO] BUILD SUCCESS
[INFO] ------------------------------------------------------------------------
[INFO] Total time:  6.682 s
[INFO] Finished at: 2025-04-28T12:48:49-07:00
[INFO] ------------------------------------------------------------------------

tim@Tims-MacBook-Pro houseprice-estimation % mvn package
[INFO] Scanning for projects...
[INFO] 
[INFO] -----------------------< com.example:houseprice >-----------------------
[INFO] Building houseprice 0.0.1-SNAPSHOT
[INFO]   from pom.xml
[INFO] --------------------------------[ jar ]---------------------------------
[INFO] 
[INFO] --- resources:3.3.1:resources (default-resources) @ houseprice ---
[INFO] Copying 1 resource from src/main/resources to target/classes
[INFO] Copying 0 resource from src/main/resources to target/classes
[INFO] 
[INFO] --- compiler:3.13.0:compile (default-compile) @ houseprice ---
[INFO] Nothing to compile - all classes are up to date.
[INFO] 
[INFO] --- resources:3.3.1:testResources (default-testResources) @ houseprice ---
[INFO] skip non existing resourceDirectory /Users/tim/Documents/workspace/java/apps/houseprice-estimation/src/test/resources
[INFO] 
[INFO] --- compiler:3.13.0:testCompile (default-testCompile) @ houseprice ---
[INFO] Nothing to compile - all classes are up to date.
[INFO] 
[INFO] --- surefire:3.5.2:test (default-test) @ houseprice ---
[INFO] Using auto detected provider org.apache.maven.surefire.junitplatform.JUnitPlatformProvider
[INFO] 
[INFO] -------------------------------------------------------
[INFO]  T E S T S
[INFO] -------------------------------------------------------
[INFO] Running com.example.houseprice.HousepriceApplicationTests
12:49:09.639 [main] INFO org.springframework.test.context.support.AnnotationConfigContextLoaderUtils -- Could not detect default configuration classes for test class [com.example.houseprice.HousepriceApplicationTests]: HousepriceApplicationTests does not declare any static, non-private, non-final, nested classes annotated with @Configuration.
12:49:09.721 [main] INFO org.springframework.boot.test.context.SpringBootTestContextBootstrapper -- Found @SpringBootConfiguration com.example.houseprice.HousepriceApplication for test class com.example.houseprice.HousepriceApplicationTests

  .   ____          _            __ _ _
 /\\ / ___'_ __ _ _(_)_ __  __ _ \ \ \ \
( ( )\___ | '_ | '_| | '_ \/ _` | \ \ \ \
 \\/  ___)| |_)| | | | | || (_| |  ) ) ) )
  '  |____| .__|_| |_|_| |_\__, | / / / /
 =========|_|==============|___/=/_/_/_/

 :: Spring Boot ::                (v3.4.4)

2025-04-28T12:49:10.063-07:00  INFO 17281 --- [houseprice] [           main] c.e.h.HousepriceApplicationTests         : Starting HousepriceApplicationTests using Java 17.0.15 with PID 17281 (started by tim in /Users/tim/Documents/workspace/java/apps/houseprice-estimation)
2025-04-28T12:49:10.065-07:00  INFO 17281 --- [houseprice] [           main] c.e.h.HousepriceApplicationTests         : No active profile set, falling back to 1 default profile: "default"
2025-04-28T12:49:11.025-07:00  INFO 17281 --- [houseprice] [           main] c.e.h.service.PricePredictionService     : RMSE: 14445.524238521559
2025-04-28T12:49:11.376-07:00  INFO 17281 --- [houseprice] [           main] c.e.h.HousepriceApplicationTests         : Started HousepriceApplicationTests in 1.543 seconds (process running for 2.32)
OpenJDK 64-Bit Server VM warning: Sharing is only supported for boot loader classes because bootstrap classpath has been appended
[INFO] Tests run: 1, Failures: 0, Errors: 0, Skipped: 0, Time elapsed: 2.468 s -- in com.example.houseprice.HousepriceApplicationTests
[INFO] Running com.example.houseprice.controller.PricePredictionControllerTest
2025-04-28T12:49:11.995-07:00  INFO 17281 --- [houseprice] [           main] t.c.s.AnnotationConfigContextLoaderUtils : Could not detect default configuration classes for test class [com.example.houseprice.controller.PricePredictionControllerTest]: PricePredictionControllerTest does not declare any static, non-private, non-final, nested classes annotated with @Configuration.
2025-04-28T12:49:12.013-07:00  INFO 17281 --- [houseprice] [           main] .b.t.c.SpringBootTestContextBootstrapper : Found @SpringBootConfiguration com.example.houseprice.HousepriceApplication for test class com.example.houseprice.controller.PricePredictionControllerTest

  .   ____          _            __ _ _
 /\\ / ___'_ __ _ _(_)_ __  __ _ \ \ \ \
( ( )\___ | '_ | '_| | '_ \/ _` | \ \ \ \
 \\/  ___)| |_)| | | | | || (_| |  ) ) ) )
  '  |____| .__|_| |_|_| |_\__, | / / / /
 =========|_|==============|___/=/_/_/_/

 :: Spring Boot ::                (v3.4.4)

2025-04-28T12:49:12.045-07:00  INFO 17281 --- [houseprice] [           main] c.e.h.c.PricePredictionControllerTest    : Starting PricePredictionControllerTest using Java 17.0.15 with PID 17281 (started by tim in /Users/tim/Documents/workspace/java/apps/houseprice-estimation)
2025-04-28T12:49:12.045-07:00  INFO 17281 --- [houseprice] [           main] c.e.h.c.PricePredictionControllerTest    : No active profile set, falling back to 1 default profile: "default"
2025-04-28T12:49:12.180-07:00  INFO 17281 --- [houseprice] [           main] c.e.h.service.PricePredictionService     : RMSE: 10416.148020248533
2025-04-28T12:49:12.269-07:00  INFO 17281 --- [houseprice] [           main] o.s.b.t.m.w.SpringBootMockServletContext : Initializing Spring TestDispatcherServlet ''
2025-04-28T12:49:12.269-07:00  INFO 17281 --- [houseprice] [           main] o.s.t.web.servlet.TestDispatcherServlet  : Initializing Servlet ''
2025-04-28T12:49:12.271-07:00  INFO 17281 --- [houseprice] [           main] o.s.t.web.servlet.TestDispatcherServlet  : Completed initialization in 1 ms
2025-04-28T12:49:12.282-07:00  INFO 17281 --- [houseprice] [           main] c.e.h.c.PricePredictionControllerTest    : Started PricePredictionControllerTest in 0.264 seconds (process running for 3.226)
2025-04-28T12:49:12.294-07:00  INFO 17281 --- [houseprice] [           main] c.e.h.service.PricePredictionService     : Predicting for size=1800.75, bedrooms=3
2025-04-28T12:49:12.295-07:00  INFO 17281 --- [houseprice] [           main] c.e.h.service.PricePredictionService     : Prediction: 273977.51335867355
2025-04-28T12:49:12.337-07:00  INFO 17281 --- [houseprice] [           main] c.e.h.service.PricePredictionService     : Predicting for size=1800.75, bedrooms=3
2025-04-28T12:49:12.338-07:00  INFO 17281 --- [houseprice] [           main] c.e.h.service.PricePredictionService     : Prediction: 273977.51335867355
2025-04-28T12:49:12.418-07:00  INFO 17281 --- [houseprice] [           main] c.e.h.service.PricePredictionService     : Predicting for size=-100.0, bedrooms=3
2025-04-28T12:49:12.418-07:00 ERROR 17281 --- [houseprice] [           main] c.e.h.service.PricePredictionService     : Invalid input: size=-100.0, bedrooms=3
2025-04-28T12:49:12.432-07:00  INFO 17281 --- [houseprice] [           main] c.e.h.service.PricePredictionService     : Predicting for size=3000.0, bedrooms=-2
2025-04-28T12:49:12.432-07:00 ERROR 17281 --- [houseprice] [           main] c.e.h.service.PricePredictionService     : Invalid input: size=3000.0, bedrooms=-2
[INFO] Tests run: 4, Failures: 0, Errors: 0, Skipped: 0, Time elapsed: 0.444 s -- in com.example.houseprice.controller.PricePredictionControllerTest
[INFO] Running com.example.houseprice.service.PricePredictionServiceTest
2025-04-28T12:49:12.440-07:00  INFO 17281 --- [houseprice] [           main] t.c.s.AnnotationConfigContextLoaderUtils : Could not detect default configuration classes for test class [com.example.houseprice.service.PricePredictionServiceTest]: PricePredictionServiceTest does not declare any static, non-private, non-final, nested classes annotated with @Configuration.
2025-04-28T12:49:12.448-07:00  INFO 17281 --- [houseprice] [           main] .b.t.c.SpringBootTestContextBootstrapper : Found @SpringBootConfiguration com.example.houseprice.HousepriceApplication for test class com.example.houseprice.service.PricePredictionServiceTest
2025-04-28T12:49:12.455-07:00  INFO 17281 --- [houseprice] [           main] c.e.h.service.PricePredictionService     : Predicting for size=1800.75, bedrooms=3
2025-04-28T12:49:12.455-07:00  INFO 17281 --- [houseprice] [           main] c.e.h.service.PricePredictionService     : Prediction: 273977.51335867355
Predicted price: 273977.51335867355
RMSE: 14445.52
2025-04-28T12:49:12.470-07:00  INFO 17281 --- [houseprice] [           main] c.e.h.service.PricePredictionService     : Predicting for size=-100.0, bedrooms=3
2025-04-28T12:49:12.470-07:00 ERROR 17281 --- [houseprice] [           main] c.e.h.service.PricePredictionService     : Invalid input: size=-100.0, bedrooms=3
[INFO] Tests run: 3, Failures: 0, Errors: 0, Skipped: 0, Time elapsed: 0.035 s -- in com.example.houseprice.service.PricePredictionServiceTest
[INFO] 
[INFO] Results:
[INFO] 
[INFO] Tests run: 8, Failures: 0, Errors: 0, Skipped: 0
[INFO] 
[INFO] 
[INFO] --- jar:3.4.2:jar (default-jar) @ houseprice ---
[INFO] Building jar: /Users/tim/Documents/workspace/java/apps/houseprice-estimation/target/houseprice-0.0.1-SNAPSHOT.jar
[INFO] 
[INFO] --- spring-boot:3.4.4:repackage (repackage) @ houseprice ---
[INFO] Replacing main artifact /Users/tim/Documents/workspace/java/apps/houseprice-estimation/target/houseprice-0.0.1-SNAPSHOT.jar with repackaged archive, adding nested dependencies in BOOT-INF/.
[INFO] The original artifact has been renamed to /Users/tim/Documents/workspace/java/apps/houseprice-estimation/target/houseprice-0.0.1-SNAPSHOT.jar.original
[INFO] ------------------------------------------------------------------------
[INFO] BUILD SUCCESS
[INFO] ------------------------------------------------------------------------
[INFO] Total time:  5.841 s
[INFO] Finished at: 2025-04-28T12:49:13-07:00
[INFO] ------------------------------------------------------------------------

tim@Tims-MacBook-Pro houseprice-estimation % ls -l target 
total 182992
drwxr-xr-x  4 tim  staff       128 Apr 28 12:48 classes
drwxr-xr-x  3 tim  staff        96 Apr 28 12:48 generated-sources
drwxr-xr-x  3 tim  staff        96 Apr 28 12:48 generated-test-sources
-rw-r--r--  1 tim  staff  93677334 Apr 28 12:49 houseprice-0.0.1-SNAPSHOT.jar
-rw-r--r--  1 tim  staff      9081 Apr 28 12:49 houseprice-0.0.1-SNAPSHOT.jar.original
drwxr-xr-x  3 tim  staff        96 Apr 28 12:49 maven-archiver
drwxr-xr-x  3 tim  staff        96 Apr 28 12:48 maven-status
drwxr-xr-x  8 tim  staff       256 Apr 28 12:49 surefire-reports

